# JRE version: Java(TM) SE Runtime Environment (8.0_77-b03) (build 1.8.0_77-b03)
# Java VM: Java HotSpot(TM) 64-Bit Server VM (25.77-b03 mixed mode linux-amd64 compressed oops)
Heap:
 PSYoungGen      total 34304K, used 25962K [0x00000000ebe00000, 0x00000000ee200000, 0x0000000100000000)
  eden space 31744K, 81% used [0x00000000ebe00000,0x00000000ed75aa28,0x00000000edd00000)
  from space 2560K, 0% used [0x00000000edf80000,0x00000000edf80000,0x00000000ee200000)
  to   space 2560K, 0% used [0x00000000edd00000,0x00000000edd00000,0x00000000edf80000)
 ParOldGen       total 37888K, used 7807K [0x00000000c3a00000, 0x00000000c5f00000, 0x00000000ebe00000)
  object space 37888K, 20% used [0x00000000c3a00000,0x00000000c419fe38,0x00000000c5f00000)
 Metaspace       used 23835K, capacity 26130K, committed 26368K, reserved 1071104K
  class space    used 3534K, capacity 4013K, committed 4096K, reserved 1048576K
GC Heap History (10 events):
Event: 0,629 GC heap before
{Heap before GC invocations=1 (full 0):
 PSYoungGen      total 18432K, used 15872K [0x00000000ebe00000, 0x00000000ed280000, 0x0000000100000000)
  eden space 15872K, 100% used [0x00000000ebe00000,0x00000000ecd80000,0x00000000ecd80000)
  from space 2560K, 0% used [0x00000000ed000000,0x00000000ed000000,0x00000000ed280000)
  to   space 2560K, 0% used [0x00000000ecd80000,0x00000000ecd80000,0x00000000ed000000)
 ParOldGen       total 42496K, used 0K [0x00000000c3a00000, 0x00000000c6380000, 0x00000000ebe00000)
  object space 42496K, 0% used [0x00000000c3a00000,0x00000000c3a00000,0x00000000c6380000)
 Metaspace       used 10360K, capacity 10708K, committed 11008K, reserved 1058816K
  class space    used 1312K, capacity 1433K, committed 1536K, reserved 1048576K
Event: 0,636 GC heap after
Heap after GC invocations=1 (full 0):
 PSYoungGen      total 18432K, used 2304K [0x00000000ebe00000, 0x00000000ee200000, 0x0000000100000000)
  eden space 15872K, 0% used [0x00000000ebe00000,0x00000000ebe00000,0x00000000ecd80000)
  from space 2560K, 90% used [0x00000000ecd80000,0x00000000ecfc0040,0x00000000ed000000)
  to   space 2560K, 0% used [0x00000000edf80000,0x00000000edf80000,0x00000000ee200000)
 ParOldGen       total 42496K, used 758K [0x00000000c3a00000, 0x00000000c6380000, 0x00000000ebe00000)
  object space 42496K, 1% used [0x00000000c3a00000,0x00000000c3abdb60,0x00000000c6380000)
 Metaspace       used 10360K, capacity 10708K, committed 11008K, reserved 1058816K
  class space    used 1312K, capacity 1433K, committed 1536K, reserved 1048576K
}
Event: 1,736 GC heap before
{Heap before GC invocations=2 (full 0):
 PSYoungGen      total 18432K, used 18176K [0x00000000ebe00000, 0x00000000ee200000, 0x0000000100000000)
  eden space 15872K, 100% used [0x00000000ebe00000,0x00000000ecd80000,0x00000000ecd80000)
  from space 2560K, 90% used [0x00000000ecd80000,0x00000000ecfc0040,0x00000000ed000000)
  to   space 2560K, 0% used [0x00000000edf80000,0x00000000edf80000,0x00000000ee200000)
 ParOldGen       total 42496K, used 758K [0x00000000c3a00000, 0x00000000c6380000, 0x00000000ebe00000)
  object space 42496K, 1% used [0x00000000c3a00000,0x00000000c3abdb60,0x00000000c6380000)
 Metaspace       used 14958K, capacity 15694K, committed 15872K, reserved 1062912K
  class space    used 2042K, capacity 2255K, committed 2304K, reserved 1048576K
Event: 1,745 GC heap after
Heap after GC invocations=2 (full 0):
 PSYoungGen      total 18432K, used 2546K [0x00000000ebe00000, 0x00000000ee200000, 0x0000000100000000)
  eden space 15872K, 0% used [0x00000000ebe00000,0x00000000ebe00000,0x00000000ecd80000)
  from space 2560K, 99% used [0x00000000edf80000,0x00000000ee1fc868,0x00000000ee200000)
  to   space 2560K, 0% used [0x00000000ecd80000,0x00000000ecd80000,0x00000000ed000000)
 ParOldGen       total 42496K, used 3003K [0x00000000c3a00000, 0x00000000c6380000, 0x00000000ebe00000)
  object space 42496K, 7% used [0x00000000c3a00000,0x00000000c3ceed08,0x00000000c6380000)
 Metaspace       used 14958K, capacity 15694K, committed 15872K, reserved 1062912K
  class space    used 2042K, capacity 2255K, committed 2304K, reserved 1048576K
}
Event: 2,426 GC heap before
{Heap before GC invocations=3 (full 0):
 PSYoungGen      total 18432K, used 18418K [0x00000000ebe00000, 0x00000000ee200000, 0x0000000100000000)
  eden space 15872K, 100% used [0x00000000ebe00000,0x00000000ecd80000,0x00000000ecd80000)
  from space 2560K, 99% used [0x00000000edf80000,0x00000000ee1fc868,0x00000000ee200000)
  to   space 2560K, 0% used [0x00000000ecd80000,0x00000000ecd80000,0x00000000ed000000)
 ParOldGen       total 42496K, used 3003K [0x00000000c3a00000, 0x00000000c6380000, 0x00000000ebe00000)
  object space 42496K, 7% used [0x00000000c3a00000,0x00000000c3ceed08,0x00000000c6380000)
 Metaspace       used 17453K, capacity 18846K, committed 19072K, reserved 1064960K
  class space    used 2559K, capacity 2915K, committed 2944K, reserved 1048576K
Event: 2,436 GC heap after
Heap after GC invocations=3 (full 0):
 PSYoungGen      total 18432K, used 2557K [0x00000000ebe00000, 0x00000000ee200000, 0x0000000100000000)
  eden space 15872K, 0% used [0x00000000ebe00000,0x00000000ebe00000,0x00000000ecd80000)
  from space 2560K, 99% used [0x00000000ecd80000,0x00000000ecfff660,0x00000000ed000000)
  to   space 2560K, 0% used [0x00000000edf80000,0x00000000edf80000,0x00000000ee200000)
 ParOldGen       total 42496K, used 4250K [0x00000000c3a00000, 0x00000000c6380000, 0x00000000ebe00000)
  object space 42496K, 10% used [0x00000000c3a00000,0x00000000c3e269d0,0x00000000c6380000)
 Metaspace       used 17453K, capacity 18846K, committed 19072K, reserved 1064960K
  class space    used 2559K, capacity 2915K, committed 2944K, reserved 1048576K
}
Event: 3,014 GC heap before
{Heap before GC invocations=4 (full 0):
 PSYoungGen      total 18432K, used 11263K [0x00000000ebe00000, 0x00000000ee200000, 0x0000000100000000)
  eden space 15872K, 54% used [0x00000000ebe00000,0x00000000ec680848,0x00000000ecd80000)
  from space 2560K, 99% used [0x00000000ecd80000,0x00000000ecfff660,0x00000000ed000000)
  to   space 2560K, 0% used [0x00000000edf80000,0x00000000edf80000,0x00000000ee200000)
 ParOldGen       total 42496K, used 4250K [0x00000000c3a00000, 0x00000000c6380000, 0x00000000ebe00000)
  object space 42496K, 10% used [0x00000000c3a00000,0x00000000c3e269d0,0x00000000c6380000)
 Metaspace       used 19499K, capacity 21154K, committed 21248K, reserved 1067008K
  class space    used 2914K, capacity 3295K, committed 3328K, reserved 1048576K
Event: 3,023 GC heap after
Heap after GC invocations=4 (full 0):
 PSYoungGen      total 34304K, used 2528K [0x00000000ebe00000, 0x00000000ee200000, 0x0000000100000000)
  eden space 31744K, 0% used [0x00000000ebe00000,0x00000000ebe00000,0x00000000edd00000)
  from space 2560K, 98% used [0x00000000edf80000,0x00000000ee1f8038,0x00000000ee200000)
  to   space 2560K, 0% used [0x00000000edd00000,0x00000000edd00000,0x00000000edf80000)
 ParOldGen       total 42496K, used 5742K [0x00000000c3a00000, 0x00000000c6380000, 0x00000000ebe00000)
  object space 42496K, 13% used [0x00000000c3a00000,0x00000000c3f9b820,0x00000000c6380000)
 Metaspace       used 19499K, capacity 21154K, committed 21248K, reserved 1067008K
  class space    used 2914K, capacity 3295K, committed 3328K, reserved 1048576K
}
Event: 3,023 GC heap before
{Heap before GC invocations=5 (full 1):
 PSYoungGen      total 34304K, used 2528K [0x00000000ebe00000, 0x00000000ee200000, 0x0000000100000000)
  eden space 31744K, 0% used [0x00000000ebe00000,0x00000000ebe00000,0x00000000edd00000)
  from space 2560K, 98% used [0x00000000edf80000,0x00000000ee1f8038,0x00000000ee200000)
  to   space 2560K, 0% used [0x00000000edd00000,0x00000000edd00000,0x00000000edf80000)
 ParOldGen       total 42496K, used 5742K [0x00000000c3a00000, 0x00000000c6380000, 0x00000000ebe00000)
  object space 42496K, 13% used [0x00000000c3a00000,0x00000000c3f9b820,0x00000000c6380000)
 Metaspace       used 19499K, capacity 21154K, committed 21248K, reserved 1067008K
  class space    used 2914K, capacity 3295K, committed 3328K, reserved 1048576K
Event: 3,121 GC heap after
Heap after GC invocations=5 (full 1):
 PSYoungGen      total 34304K, used 0K [0x00000000ebe00000, 0x00000000ee200000, 0x0000000100000000)
  eden space 31744K, 0% used [0x00000000ebe00000,0x00000000ebe00000,0x00000000edd00000)
  from space 2560K, 0% used [0x00000000edf80000,0x00000000edf80000,0x00000000ee200000)
  to   space 2560K, 0% used [0x00000000edd00000,0x00000000edd00000,0x00000000edf80000)
 ParOldGen       total 37888K, used 7807K [0x00000000c3a00000, 0x00000000c5f00000, 0x00000000ebe00000)
  object space 37888K, 20% used [0x00000000c3a00000,0x00000000c419fe38,0x00000000c5f00000)
 Metaspace       used 19499K, capacity 21154K, committed 21248K, reserved 1067008K
  class space    used 2914K, capacity 3295K, committed 3328K, reserved 1048576K
}

