# JRE version: Java(TM) SE Runtime Environment (8.0_66-b17) (build 1.8.0_66-b17)
# Java VM: Java HotSpot(TM) 64-Bit Server VM (25.66-b17 mixed mode linux-amd64 compressed oops)
Heap:
 PSYoungGen      total 18432K, used 6195K [0x00000000ebe00000, 0x00000000eeb00000, 0x0000000100000000)
  eden space 15872K, 39% used [0x00000000ebe00000,0x00000000ec40cce0,0x00000000ecd80000)
  from space 2560K, 0% used [0x00000000ecd80000,0x00000000ecd80000,0x00000000ed000000)
  to   space 7168K, 0% used [0x00000000ee400000,0x00000000ee400000,0x00000000eeb00000)
 ParOldGen       total 42496K, used 10365K [0x00000000c3a00000, 0x00000000c6380000, 0x00000000ebe00000)
  object space 42496K, 24% used [0x00000000c3a00000,0x00000000c441f420,0x00000000c6380000)
 Metaspace       used 21471K, capacity 23456K, committed 23680K, reserved 1069056K
  class space    used 3209K, capacity 3656K, committed 3712K, reserved 1048576K
GC Heap History (10 events):
Event: 1,630 GC heap before
{Heap before GC invocations=2 (full 0):
 PSYoungGen      total 18432K, used 18430K [0x00000000ebe00000, 0x00000000ed280000, 0x0000000100000000)
  eden space 15872K, 100% used [0x00000000ebe00000,0x00000000ecd80000,0x00000000ecd80000)
  from space 2560K, 99% used [0x00000000ecd80000,0x00000000ecfffb80,0x00000000ed000000)
  to   space 2560K, 0% used [0x00000000ed000000,0x00000000ed000000,0x00000000ed280000)
 ParOldGen       total 42496K, used 478K [0x00000000c3a00000, 0x00000000c6380000, 0x00000000ebe00000)
  object space 42496K, 1% used [0x00000000c3a00000,0x00000000c3a77a78,0x00000000c6380000)
 Metaspace       used 14541K, capacity 15378K, committed 15616K, reserved 1062912K
  class space    used 1991K, capacity 2256K, committed 2304K, reserved 1048576K
Event: 1,642 GC heap after
Heap after GC invocations=2 (full 0):
 PSYoungGen      total 18432K, used 2542K [0x00000000ebe00000, 0x00000000ee200000, 0x0000000100000000)
  eden space 15872K, 0% used [0x00000000ebe00000,0x00000000ebe00000,0x00000000ecd80000)
  from space 2560K, 99% used [0x00000000ed000000,0x00000000ed27bb90,0x00000000ed280000)
  to   space 2560K, 0% used [0x00000000ecd80000,0x00000000ecd80000,0x00000000ed000000)
 ParOldGen       total 42496K, used 2811K [0x00000000c3a00000, 0x00000000c6380000, 0x00000000ebe00000)
  object space 42496K, 6% used [0x00000000c3a00000,0x00000000c3cbef08,0x00000000c6380000)
 Metaspace       used 14541K, capacity 15378K, committed 15616K, reserved 1062912K
  class space    used 1991K, capacity 2256K, committed 2304K, reserved 1048576K
}
Event: 2,744 GC heap before
{Heap before GC invocations=3 (full 0):
 PSYoungGen      total 18432K, used 18414K [0x00000000ebe00000, 0x00000000ee200000, 0x0000000100000000)
  eden space 15872K, 100% used [0x00000000ebe00000,0x00000000ecd80000,0x00000000ecd80000)
  from space 2560K, 99% used [0x00000000ed000000,0x00000000ed27bb90,0x00000000ed280000)
  to   space 2560K, 0% used [0x00000000ecd80000,0x00000000ecd80000,0x00000000ed000000)
 ParOldGen       total 42496K, used 2811K [0x00000000c3a00000, 0x00000000c6380000, 0x00000000ebe00000)
  object space 42496K, 6% used [0x00000000c3a00000,0x00000000c3cbef08,0x00000000c6380000)
 Metaspace       used 17331K, capacity 18630K, committed 18816K, reserved 1064960K
  class space    used 2550K, capacity 2905K, committed 2944K, reserved 1048576K
Event: 2,753 GC heap after
Heap after GC invocations=3 (full 0):
 PSYoungGen      total 18432K, used 2542K [0x00000000ebe00000, 0x00000000ed280000, 0x0000000100000000)
  eden space 15872K, 0% used [0x00000000ebe00000,0x00000000ebe00000,0x00000000ecd80000)
  from space 2560K, 99% used [0x00000000ecd80000,0x00000000ecffbb70,0x00000000ed000000)
  to   space 2560K, 0% used [0x00000000ed000000,0x00000000ed000000,0x00000000ed280000)
 ParOldGen       total 42496K, used 4288K [0x00000000c3a00000, 0x00000000c6380000, 0x00000000ebe00000)
  object space 42496K, 10% used [0x00000000c3a00000,0x00000000c3e30028,0x00000000c6380000)
 Metaspace       used 17331K, capacity 18630K, committed 18816K, reserved 1064960K
  class space    used 2550K, capacity 2905K, committed 2944K, reserved 1048576K
}
Event: 3,643 GC heap before
{Heap before GC invocations=4 (full 0):
 PSYoungGen      total 18432K, used 15358K [0x00000000ebe00000, 0x00000000ed280000, 0x0000000100000000)
  eden space 15872K, 80% used [0x00000000ebe00000,0x00000000eca83ed8,0x00000000ecd80000)
  from space 2560K, 99% used [0x00000000ecd80000,0x00000000ecffbb70,0x00000000ed000000)
  to   space 2560K, 0% used [0x00000000ed000000,0x00000000ed000000,0x00000000ed280000)
 ParOldGen       total 42496K, used 4288K [0x00000000c3a00000, 0x00000000c6380000, 0x00000000ebe00000)
  object space 42496K, 10% used [0x00000000c3a00000,0x00000000c3e30028,0x00000000c6380000)
 Metaspace       used 19562K, capacity 21248K, committed 21504K, reserved 1067008K
  class space    used 2914K, capacity 3284K, committed 3328K, reserved 1048576K
Event: 3,661 GC heap after
Heap after GC invocations=4 (full 0):
 PSYoungGen      total 18432K, used 2542K [0x00000000ebe00000, 0x00000000ee200000, 0x0000000100000000)
  eden space 15872K, 0% used [0x00000000ebe00000,0x00000000ebe00000,0x00000000ecd80000)
  from space 2560K, 99% used [0x00000000ed000000,0x00000000ed27bb88,0x00000000ed280000)
  to   space 2560K, 0% used [0x00000000ecd80000,0x00000000ecd80000,0x00000000ed000000)
 ParOldGen       total 42496K, used 8393K [0x00000000c3a00000, 0x00000000c6380000, 0x00000000ebe00000)
  object space 42496K, 19% used [0x00000000c3a00000,0x00000000c4232608,0x00000000c6380000)
 Metaspace       used 19562K, capacity 21248K, committed 21504K, reserved 1067008K
  class space    used 2914K, capacity 3284K, committed 3328K, reserved 1048576K
}
Event: 5,789 GC heap before
{Heap before GC invocations=5 (full 0):
 PSYoungGen      total 18432K, used 3633K [0x00000000ebe00000, 0x00000000ee200000, 0x0000000100000000)
  eden space 15872K, 6% used [0x00000000ebe00000,0x00000000ebf10b40,0x00000000ecd80000)
  from space 2560K, 99% used [0x00000000ed000000,0x00000000ed27bb88,0x00000000ed280000)
  to   space 2560K, 0% used [0x00000000ecd80000,0x00000000ecd80000,0x00000000ed000000)
 ParOldGen       total 42496K, used 8393K [0x00000000c3a00000, 0x00000000c6380000, 0x00000000ebe00000)
  object space 42496K, 19% used [0x00000000c3a00000,0x00000000c4232608,0x00000000c6380000)
 Metaspace       used 19961K, capacity 21558K, committed 21628K, reserved 1067008K
  class space    used 2939K, capacity 3321K, committed 3328K, reserved 1048576K
Event: 5,803 GC heap after
Heap after GC invocations=5 (full 0):
 PSYoungGen      total 18432K, used 2558K [0x00000000ebe00000, 0x00000000eeb00000, 0x0000000100000000)
  eden space 15872K, 0% used [0x00000000ebe00000,0x00000000ebe00000,0x00000000ecd80000)
  from space 2560K, 99% used [0x00000000ecd80000,0x00000000ecfffb98,0x00000000ed000000)
  to   space 7168K, 0% used [0x00000000ee400000,0x00000000ee400000,0x00000000eeb00000)
 ParOldGen       total 42496K, used 8457K [0x00000000c3a00000, 0x00000000c6380000, 0x00000000ebe00000)
  object space 42496K, 19% used [0x00000000c3a00000,0x00000000c4242608,0x00000000c6380000)
 Metaspace       used 19961K, capacity 21558K, committed 21628K, reserved 1067008K
  class space    used 2939K, capacity 3321K, committed 3328K, reserved 1048576K
}
Event: 5,803 GC heap before
{Heap before GC invocations=6 (full 1):
 PSYoungGen      total 18432K, used 2558K [0x00000000ebe00000, 0x00000000eeb00000, 0x0000000100000000)
  eden space 15872K, 0% used [0x00000000ebe00000,0x00000000ebe00000,0x00000000ecd80000)
  from space 2560K, 99% used [0x00000000ecd80000,0x00000000ecfffb98,0x00000000ed000000)
  to   space 7168K, 0% used [0x00000000ee400000,0x00000000ee400000,0x00000000eeb00000)
 ParOldGen       total 42496K, used 8457K [0x00000000c3a00000, 0x00000000c6380000, 0x00000000ebe00000)
  object space 42496K, 19% used [0x00000000c3a00000,0x00000000c4242608,0x00000000c6380000)
 Metaspace       used 19961K, capacity 21558K, committed 21628K, reserved 1067008K
  class space    used 2939K, capacity 3321K, committed 3328K, reserved 1048576K
Event: 5,972 GC heap after
Heap after GC invocations=6 (full 1):
 PSYoungGen      total 18432K, used 0K [0x00000000ebe00000, 0x00000000eeb00000, 0x0000000100000000)
  eden space 15872K, 0% used [0x00000000ebe00000,0x00000000ebe00000,0x00000000ecd80000)
  from space 2560K, 0% used [0x00000000ecd80000,0x00000000ecd80000,0x00000000ed000000)
  to   space 7168K, 0% used [0x00000000ee400000,0x00000000ee400000,0x00000000eeb00000)
 ParOldGen       total 42496K, used 10365K [0x00000000c3a00000, 0x00000000c6380000, 0x00000000ebe00000)
  object space 42496K, 24% used [0x00000000c3a00000,0x00000000c441f420,0x00000000c6380000)
 Metaspace       used 19961K, capacity 21558K, committed 21628K, reserved 1067008K
  class space    used 2939K, capacity 3321K, committed 3328K, reserved 1048576K
}

